<?xml version="1.0" encoding="UTF-8"?>
<!-- Generated by org.testng.reporters.JUnitXMLReporter -->
<testsuite hostname="SEQC05" name="Test" tests="7" failures="0" timestamp="24 Jun 2016 09:04:38 GMT" time="96.224" errors="0">
  <testcase name="ReadFromExcel" time="0.202" classname="com.beaconpro.test.acopening.SBOpening"/>
  <testcase name="opening_firefox" time="5.623" classname="com.beaconpro.test.acopening.SBOpening"/>
  <testcase name="open_beaconpro_url_and_login" time="17.835" classname="com.beaconpro.test.acopening.SBOpening"/>
  <testcase name="SB_opening_window" time="13.828" classname="com.beaconpro.test.acopening.SBOpening"/>
  <testcase name="customer_search_window" time="4.27" classname="com.beaconpro.test.acopening.SBOpening"/>
  <testcase name="customer_adding_and_general_tab_edits" time="10.52" classname="com.beaconpro.test.acopening.SBOpening"/>
  <testcase name="transmode" time="9.975" classname="com.beaconpro.test.acopening.SBOpening"/>
</testsuite> <!-- Test -->
