<?xml version="1.0" encoding="UTF-8"?>
<!-- Generated by org.testng.reporters.JUnitReportReporter -->
<testsuite hostname="SEQC05" name="com.beaconpro.test.login.LoginAction" tests="3" failures="0" timestamp="10 Dec 2015 14:38:37 GMT" time="7.482" errors="0">
  <testcase name="login_validation_for_username_and_password_field" time="1.865" classname="com.beaconpro.test.login.LoginAction"/>
  <testcase name="login_to_CBS_with_valid_credentials_and_sign_out" time="4.869" classname="com.beaconpro.test.login.LoginAction"/>
  <testcase name="login_to_CBS_with_invalid_credentials" time="0.748" classname="com.beaconpro.test.login.LoginAction"/>
</testsuite> <!-- com.beaconpro.test.login.LoginAction -->
